<?xml version="1.0" encoding="UTF-8"?>
<testsuite xmlns:xsi="http://www.w3.org/2001/XMLSchema-instance" xsi:noNamespaceSchemaLocation="https://maven.apache.org/surefire/maven-surefire-plugin/xsd/surefire-test-report-3.0.xsd" version="3.0" name="amobajatek.GameTest" time="0.52" tests="12" errors="0" skipped="0" failures="0">
  <properties>
[...]
</properties>
  <testcase name="testFindWinningMoveReturnsCorrectPosition" classname="amobajatek.GameTest" time="0.033"/>
  <testcase name="testUpdateHighscoreCreatesFile" classname="amobajatek.GameTest" time="0.387">
    <system-out><![CDATA[Jelenlegi állás (JSON):
Teszt: 8
Computer: 0
Highscore táblázat (SQL):
Teszt: 8
Computer: 0
]]></system-out>
    <system-err><![CDATA[SLF4J: Failed to load class "org.slf4j.impl.StaticLoggerBinder".
SLF4J: Defaulting to no-operation (NOP) logger implementation
SLF4J: See http://www.slf4j.org/codes.html#StaticLoggerBinder for further details.
]]></system-err>
  </testcase>
  <testcase name="testStartPrintsBoard" classname="amobajatek.GameTest" time="0.004">
    <system-out><![CDATA[Játék indul!

   a b c d e 
 1 . . . . . 
 2 . . . . . 
 3 . . . . . 
 4 . . . . . 
 5 . . . . . 

]]></system-out>
  </testcase>
  <testcase name="testInvalidMove" classname="amobajatek.GameTest" time="0.003">
    <system-out><![CDATA[Érvénytelen koordináta!
]]></system-out>
  </testcase>
  <testcase name="testCheckDirectionDetectsFiveInARowHorizontally" classname="amobajatek.GameTest" time="0.002"/>
  <testcase name="testValidMove" classname="amobajatek.GameTest" time="0.003">
    <system-out><![CDATA[
   a b c d e 
 1 X . . . . 
 2 . . . . . 
 3 . . . . . 
 4 . . . . . 
 5 . . . . . 


   a b c d e 
 1 X . . . . 
 2 . . . . . 
 3 . O . . . 
 4 . . . . . 
 5 . . . . . 

]]></system-out>
  </testcase>
  <testcase name="testSaveAndLoadGame" classname="amobajatek.GameTest" time="0.025">
    <system-out><![CDATA[
   a b c d e 
 1 X . . . . 
 2 . . . . . 
 3 . . . . . 
 4 . . . . . 
 5 . . . . . 


   a b c d e 
 1 X . . . . 
 2 . . . . . 
 3 . O . . . 
 4 . . . . . 
 5 . . . . . 

Jatekallas JSON formátumban elmentve: tesztmentes.json
Játékállás betöltve a JSON-ból: tesztmentes.json

   a b c d e 
 1 X . . . . 
 2 . . . . . 
 3 . O . . . 
 4 . . . . . 
 5 . . . . . 

]]></system-out>
  </testcase>
  <testcase name="testMainExitImmediately" classname="amobajatek.GameTest" time="0.01"/>
  <testcase name="testFindWinningMoveReturnsBlockingPosition" classname="amobajatek.GameTest" time="0.001"/>
  <testcase name="testOccupiedCell" classname="amobajatek.GameTest" time="0.002"/>
  <testcase name="testIsValidCoordinates" classname="amobajatek.GameTest" time="0.001"/>
  <testcase name="testSwitchPlayerChangesCurrentPlayer" classname="amobajatek.GameTest" time="0.004"/>
</testsuite>