<?xml version="1.0" encoding="UTF-8"?>
<testsuite xmlns:xsi="http://www.w3.org/2001/XMLSchema-instance" xsi:noNamespaceSchemaLocation="https://maven.apache.org/surefire/maven-surefire-plugin/xsd/surefire-test-report-3.0.xsd" version="3.0" name="example.GameTest" time="0.1" tests="3" errors="0" skipped="0" failures="0">
  <properties>
[...]
</properties>
  <testcase name="testInvalidMove" classname="example.GameTest" time="0.036">
    <system-out><![CDATA[Érvénytelen koordináta!
]]></system-out>
  </testcase>
  <testcase name="testValidMove" classname="example.GameTest" time="0.016">
    <system-out><![CDATA[   a b c d e f g h i j 
 1 X . . . . . . . . . 
 2 . . . . . . . . . . 
 3 . . . . . . . . . . 
 4 . . . . . . . . . . 
 5 . . . . . . . . . . 
 6 . . . . . . . . . . 
 7 . . . . . . . . . . 
 8 . . . . . . . . . . 
 9 . . . . . . . . . . 
10 . . . . . . . . . . 
   a b c d e f g h i j 
 1 X . . . . . . . . . 
 2 . . . . . . . . . . 
 3 . . . . O . . . . . 
 4 . . . . . . . . . . 
 5 . . . . . . . . . . 
 6 . . . . . . . . . . 
 7 . . . . . . . . . . 
 8 . . . . . . . . . . 
 9 . . . . . . . . . . 
10 . . . . . . . . . . 
]]></system-out>
  </testcase>
  <testcase name="testOccupiedCell" classname="example.GameTest" time="0.006">
    <system-out><![CDATA[   a b c d e f g h i j 
 1 . . . . . . . . . . 
 2 . . . . . . . . . . 
 3 . . X . . . . . . . 
 4 . . . . . . . . . . 
 5 . . . . . . . . . . 
 6 . . . . . . . . . . 
 7 . . . . . . . . . . 
 8 . . . . . . . . . . 
 9 . . . . . . . . . . 
10 . . . . . . . . . . 
   a b c d e f g h i j 
 1 . . . . . . . . . . 
 2 . . . . . . . . . . 
 3 . . X . . . . . . . 
 4 . . . . . . . . . . 
 5 . . . . . . . . . . 
 6 . . . . . . . . . . 
 7 . . . . . . . . . . 
 8 . . . . . . . . . . 
 9 . . O . . . . . . . 
10 . . . . . . . . . . 
A mező foglalt!
]]></system-out>
  </testcase>
</testsuite>