<?xml version="1.0" encoding="UTF-8" standalone="yes"?><!DOCTYPE report PUBLIC "-//JACOCO//DTD Report 1.1//EN" "report.dtd"><report name="Amoba"><sessioninfo id="DESKTOP-ULO8TSH-9bb76e51" start="1764169564585" dump="1764169565541"/><package name="example"><class name="example/Game" sourcefilename="Game.java"><method name="&lt;init&gt;" desc="(IILjava/lang/String;)V" line="20"><counter type="INSTRUCTION" missed="0" covered="31"/><counter type="LINE" missed="0" covered="7"/><counter type="COMPLEXITY" missed="0" covered="1"/><counter type="METHOD" missed="0" covered="1"/></method><method name="start" desc="()V" line="30"><counter type="INSTRUCTION" missed="7" covered="0"/><counter type="LINE" missed="3" covered="0"/><counter type="COMPLEXITY" missed="1" covered="0"/><counter type="METHOD" missed="1" covered="0"/></method><method name="lepes" desc="(II)Z" line="35"><counter type="INSTRUCTION" missed="8" covered="50"/><counter type="BRANCH" missed="2" covered="6"/><counter type="LINE" missed="2" covered="13"/><counter type="COMPLEXITY" missed="2" covered="3"/><counter type="METHOD" missed="0" covered="1"/></method><method name="ellenfellepes" desc="(II)V" line="62"><counter type="INSTRUCTION" missed="141" covered="64"/><counter type="BRANCH" missed="17" covered="5"/><counter type="LINE" missed="29" covered="15"/><counter type="COMPLEXITY" missed="11" covered="1"/><counter type="METHOD" missed="0" covered="1"/></method><method name="findWinningMove" desc="(C)[I" line="125"><counter type="INSTRUCTION" missed="11" covered="49"/><counter type="BRANCH" missed="1" covered="7"/><counter type="LINE" missed="1" covered="8"/><counter type="COMPLEXITY" missed="1" covered="4"/><counter type="METHOD" missed="0" covered="1"/></method><method name="getNeighbors" desc="(II)Ljava/util/List;" line="141"><counter type="INSTRUCTION" missed="42" covered="0"/><counter type="BRANCH" missed="8" covered="0"/><counter type="LINE" missed="7" covered="0"/><counter type="COMPLEXITY" missed="5" covered="0"/><counter type="METHOD" missed="1" covered="0"/></method><method name="switchPlayer" desc="()V" line="154"><counter type="INSTRUCTION" missed="0" covered="13"/><counter type="BRANCH" missed="0" covered="2"/><counter type="LINE" missed="0" covered="2"/><counter type="COMPLEXITY" missed="0" covered="2"/><counter type="METHOD" missed="0" covered="1"/></method><method name="isValid" desc="(II)Z" line="158"><counter type="INSTRUCTION" missed="0" covered="18"/><counter type="BRANCH" missed="0" covered="8"/><counter type="LINE" missed="0" covered="1"/><counter type="COMPLEXITY" missed="0" covered="5"/><counter type="METHOD" missed="0" covered="1"/></method><method name="checkWin" desc="(II)Z" line="162"><counter type="INSTRUCTION" missed="2" covered="38"/><counter type="BRANCH" missed="4" covered="4"/><counter type="LINE" missed="0" covered="5"/><counter type="COMPLEXITY" missed="4" covered="1"/><counter type="METHOD" missed="0" covered="1"/></method><method name="checkDirection" desc="(IICII)Z" line="170"><counter type="INSTRUCTION" missed="22" covered="51"/><counter type="BRANCH" missed="3" covered="7"/><counter type="LINE" missed="6" covered="8"/><counter type="COMPLEXITY" missed="3" covered="3"/><counter type="METHOD" missed="0" covered="1"/></method><method name="loadGame" desc="()V" line="190"><counter type="INSTRUCTION" missed="1" covered="0"/><counter type="LINE" missed="1" covered="0"/><counter type="COMPLEXITY" missed="1" covered="0"/><counter type="METHOD" missed="1" covered="0"/></method><method name="saveGameAsJson" desc="(Ljava/lang/String;)V" line="195"><counter type="INSTRUCTION" missed="81" covered="0"/><counter type="BRANCH" missed="4" covered="0"/><counter type="LINE" missed="17" covered="0"/><counter type="COMPLEXITY" missed="3" covered="0"/><counter type="METHOD" missed="1" covered="0"/></method><method name="loadGameFromJson" desc="(Ljava/lang/String;)V" line="222"><counter type="INSTRUCTION" missed="86" covered="0"/><counter type="BRANCH" missed="6" covered="0"/><counter type="LINE" missed="16" covered="0"/><counter type="COMPLEXITY" missed="4" covered="0"/><counter type="METHOD" missed="1" covered="0"/></method><counter type="INSTRUCTION" missed="401" covered="314"/><counter type="BRANCH" missed="45" covered="39"/><counter type="LINE" missed="82" covered="59"/><counter type="COMPLEXITY" missed="35" covered="20"/><counter type="METHOD" missed="5" covered="8"/><counter type="CLASS" missed="0" covered="1"/></class><class name="example/Board" sourcefilename="Board.java"><method name="&lt;init&gt;" desc="(II)V" line="8"><counter type="INSTRUCTION" missed="5" covered="47"/><counter type="BRANCH" missed="4" covered="8"/><counter type="LINE" missed="1" covered="9"/><counter type="COMPLEXITY" missed="4" covered="3"/><counter type="METHOD" missed="0" covered="1"/></method><method name="printBoard" desc="()V" line="23"><counter type="INSTRUCTION" missed="0" covered="65"/><counter type="BRANCH" missed="0" covered="6"/><counter type="LINE" missed="0" covered="12"/><counter type="COMPLEXITY" missed="0" covered="4"/><counter type="METHOD" missed="0" covered="1"/></method><method name="isEmpty" desc="(II)Z" line="40"><counter type="INSTRUCTION" missed="0" covered="12"/><counter type="BRANCH" missed="0" covered="2"/><counter type="LINE" missed="0" covered="1"/><counter type="COMPLEXITY" missed="0" covered="2"/><counter type="METHOD" missed="0" covered="1"/></method><method name="placeSymbol" desc="(IIC)V" line="44"><counter type="INSTRUCTION" missed="5" covered="13"/><counter type="BRANCH" missed="1" covered="1"/><counter type="LINE" missed="1" covered="3"/><counter type="COMPLEXITY" missed="1" covered="1"/><counter type="METHOD" missed="0" covered="1"/></method><method name="getRows" desc="()I" line="51"><counter type="INSTRUCTION" missed="0" covered="3"/><counter type="LINE" missed="0" covered="1"/><counter type="COMPLEXITY" missed="0" covered="1"/><counter type="METHOD" missed="0" covered="1"/></method><method name="getCols" desc="()I" line="55"><counter type="INSTRUCTION" missed="0" covered="3"/><counter type="LINE" missed="0" covered="1"/><counter type="COMPLEXITY" missed="0" covered="1"/><counter type="METHOD" missed="0" covered="1"/></method><method name="getGrid" desc="()[[C" line="59"><counter type="INSTRUCTION" missed="0" covered="3"/><counter type="LINE" missed="0" covered="1"/><counter type="COMPLEXITY" missed="0" covered="1"/><counter type="METHOD" missed="0" covered="1"/></method><counter type="INSTRUCTION" missed="10" covered="146"/><counter type="BRANCH" missed="5" covered="17"/><counter type="LINE" missed="2" covered="28"/><counter type="COMPLEXITY" missed="5" covered="13"/><counter type="METHOD" missed="0" covered="7"/><counter type="CLASS" missed="0" covered="1"/></class><class name="example/Main" sourcefilename="Main.java"><method name="&lt;init&gt;" desc="()V" line="5"><counter type="INSTRUCTION" missed="3" covered="0"/><counter type="LINE" missed="1" covered="0"/><counter type="COMPLEXITY" missed="1" covered="0"/><counter type="METHOD" missed="1" covered="0"/></method><method name="main" desc="([Ljava/lang/String;)V" line="7"><counter type="INSTRUCTION" missed="93" covered="0"/><counter type="BRANCH" missed="8" covered="0"/><counter type="LINE" missed="30" covered="0"/><counter type="COMPLEXITY" missed="5" covered="0"/><counter type="METHOD" missed="1" covered="0"/></method><counter type="INSTRUCTION" missed="96" covered="0"/><counter type="BRANCH" missed="8" covered="0"/><counter type="LINE" missed="31" covered="0"/><counter type="COMPLEXITY" missed="6" covered="0"/><counter type="METHOD" missed="2" covered="0"/><counter type="CLASS" missed="1" covered="0"/></class><class name="example/Player" sourcefilename="Player.java"><method name="&lt;init&gt;" desc="(Ljava/lang/String;C)V" line="7"><counter type="INSTRUCTION" missed="0" covered="9"/><counter type="LINE" missed="0" covered="4"/><counter type="COMPLEXITY" missed="0" covered="1"/><counter type="METHOD" missed="0" covered="1"/></method><method name="getName" desc="()Ljava/lang/String;" line="13"><counter type="INSTRUCTION" missed="3" covered="0"/><counter type="LINE" missed="1" covered="0"/><counter type="COMPLEXITY" missed="1" covered="0"/><counter type="METHOD" missed="1" covered="0"/></method><method name="getSymbol" desc="()C" line="17"><counter type="INSTRUCTION" missed="0" covered="3"/><counter type="LINE" missed="0" covered="1"/><counter type="COMPLEXITY" missed="0" covered="1"/><counter type="METHOD" missed="0" covered="1"/></method><counter type="INSTRUCTION" missed="3" covered="12"/><counter type="LINE" missed="1" covered="5"/><counter type="COMPLEXITY" missed="1" covered="2"/><counter type="METHOD" missed="1" covered="2"/><counter type="CLASS" missed="0" covered="1"/></class><sourcefile name="Game.java"><line nr="20" mi="0" ci="3" mb="0" cb="0"/><line nr="22" mi="0" ci="2" mb="0" cb="0"/><line nr="23" mi="0" ci="7" mb="0" cb="0"/><line nr="24" mi="0" ci="7" mb="0" cb="0"/><line nr="25" mi="0" ci="7" mb="0" cb="0"/><line nr="26" mi="0" ci="4" mb="0" cb="0"/><line nr="27" mi="0" ci="1" mb="0" cb="0"/><line nr="30" mi="3" ci="0" mb="0" cb="0"/><line nr="31" mi="3" ci="0" mb="0" cb="0"/><line nr="32" mi="1" ci="0" mb="0" cb="0"/><line nr="35" mi="0" ci="5" mb="0" cb="2"/><line nr="36" mi="0" ci="3" mb="0" cb="0"/><line nr="37" mi="0" ci="2" mb="0" cb="0"/><line nr="39" mi="0" ci="6" mb="0" cb="2"/><line nr="40" mi="0" ci="3" mb="0" cb="0"/><line nr="41" mi="0" ci="2" mb="0" cb="0"/><line nr="44" mi="0" ci="8" mb="0" cb="0"/><line nr="45" mi="0" ci="3" mb="0" cb="0"/><line nr="47" mi="0" ci="5" mb="1" cb="1"/><line nr="48" mi="6" ci="0" mb="0" cb="0"/><line nr="49" mi="2" ci="0" mb="0" cb="0"/><line nr="52" mi="0" ci="2" mb="0" cb="0"/><line nr="55" mi="0" ci="5" mb="1" cb="1"/><line nr="56" mi="0" ci="4" mb="0" cb="0"/><line nr="58" mi="0" ci="2" mb="0" cb="0"/><line nr="62" mi="0" ci="4" mb="0" cb="0"/><line nr="66" mi="0" ci="6" mb="0" cb="0"/><line nr="67" mi="0" ci="2" mb="1" cb="1"/><line nr="68" mi="12" ci="0" mb="0" cb="0"/><line nr="69" mi="3" ci="0" mb="0" cb="0"/><line nr="70" mi="3" ci="0" mb="0" cb="0"/><line nr="71" mi="9" ci="0" mb="2" cb="0"/><line nr="72" mi="3" ci="0" mb="0" cb="0"/><line nr="73" mi="1" ci="0" mb="0" cb="0"/><line nr="75" mi="2" ci="0" mb="0" cb="0"/><line nr="76" mi="1" ci="0" mb="0" cb="0"/><line nr="78" mi="0" ci="6" mb="0" cb="0"/><line nr="79" mi="0" ci="2" mb="1" cb="1"/><line nr="80" mi="12" ci="0" mb="0" cb="0"/><line nr="81" mi="3" ci="0" mb="0" cb="0"/><line nr="82" mi="3" ci="0" mb="0" cb="0"/><line nr="83" mi="2" ci="0" mb="0" cb="0"/><line nr="84" mi="1" ci="0" mb="0" cb="0"/><line nr="87" mi="0" ci="3" mb="1" cb="1"/><line nr="89" mi="0" ci="6" mb="0" cb="0"/><line nr="90" mi="0" ci="6" mb="0" cb="0"/><line nr="91" mi="0" ci="6" mb="1" cb="1"/><line nr="92" mi="0" ci="8" mb="0" cb="0"/><line nr="93" mi="0" ci="4" mb="0" cb="0"/><line nr="95" mi="5" ci="0" mb="0" cb="0"/><line nr="96" mi="2" ci="0" mb="0" cb="0"/><line nr="97" mi="2" ci="0" mb="0" cb="0"/><line nr="98" mi="10" ci="0" mb="2" cb="0"/><line nr="99" mi="19" ci="0" mb="4" cb="0"/><line nr="100" mi="12" ci="0" mb="0" cb="0"/><line nr="101" mi="2" ci="0" mb="0" cb="0"/><line nr="102" mi="1" ci="0" mb="0" cb="0"/><line nr="104" mi="1" ci="0" mb="0" cb="0"/><line nr="106" mi="2" ci="0" mb="2" cb="0"/><line nr="108" mi="6" ci="0" mb="0" cb="0"/><line nr="109" mi="6" ci="0" mb="0" cb="0"/><line nr="110" mi="6" ci="0" mb="2" cb="0"/><line nr="111" mi="8" ci="0" mb="0" cb="0"/><line nr="114" mi="0" ci="3" mb="0" cb="0"/><line nr="116" mi="0" ci="5" mb="1" cb="1"/><line nr="117" mi="3" ci="0" mb="0" cb="0"/><line nr="118" mi="1" ci="0" mb="0" cb="0"/><line nr="121" mi="0" ci="2" mb="0" cb="0"/><line nr="122" mi="0" ci="1" mb="0" cb="0"/><line nr="125" mi="0" ci="9" mb="0" cb="2"/><line nr="126" mi="0" ci="9" mb="0" cb="2"/><line nr="127" mi="0" ci="6" mb="0" cb="2"/><line nr="128" mi="0" ci="8" mb="0" cb="0"/><line nr="129" mi="0" ci="5" mb="0" cb="0"/><line nr="130" mi="0" ci="8" mb="0" cb="0"/><line nr="131" mi="0" ci="2" mb="1" cb="1"/><line nr="132" mi="11" ci="0" mb="0" cb="0"/><line nr="137" mi="0" ci="2" mb="0" cb="0"/><line nr="141" mi="4" ci="0" mb="0" cb="0"/><line nr="142" mi="7" ci="0" mb="2" cb="0"/><line nr="143" mi="7" ci="0" mb="2" cb="0"/><line nr="144" mi="4" ci="0" mb="4" cb="0"/><line nr="145" mi="1" ci="0" mb="0" cb="0"/><line nr="147" mi="17" ci="0" mb="0" cb="0"/><line nr="150" mi="2" ci="0" mb="0" cb="0"/><line nr="154" mi="0" ci="12" mb="0" cb="2"/><line nr="155" mi="0" ci="1" mb="0" cb="0"/><line nr="158" mi="0" ci="18" mb="0" cb="8"/><line nr="162" mi="0" ci="4" mb="0" cb="0"/><line nr="163" mi="0" ci="15" mb="1" cb="1"/><line nr="164" mi="0" ci="8" mb="1" cb="1"/><line nr="165" mi="0" ci="8" mb="1" cb="1"/><line nr="166" mi="2" ci="3" mb="1" cb="1"/><line nr="170" mi="0" ci="2" mb="0" cb="0"/><line nr="172" mi="0" ci="4" mb="0" cb="0"/><line nr="173" mi="0" ci="4" mb="0" cb="0"/><line nr="174" mi="0" ci="14" mb="1" cb="3"/><line nr="175" mi="1" ci="0" mb="0" cb="0"/><line nr="176" mi="4" ci="0" mb="0" cb="0"/><line nr="177" mi="5" ci="0" mb="0" cb="0"/><line nr="179" mi="0" ci="4" mb="0" cb="0"/><line nr="180" mi="0" ci="4" mb="0" cb="0"/><line nr="181" mi="0" ci="14" mb="1" cb="3"/><line nr="182" mi="1" ci="0" mb="0" cb="0"/><line nr="183" mi="4" ci="0" mb="0" cb="0"/><line nr="184" mi="5" ci="0" mb="0" cb="0"/><line nr="186" mi="2" ci="5" mb="1" cb="1"/><line nr="190" mi="1" ci="0" mb="0" cb="0"/><line nr="195" mi="4" ci="0" mb="0" cb="0"/><line nr="196" mi="4" ci="0" mb="0" cb="0"/><line nr="198" mi="4" ci="0" mb="0" cb="0"/><line nr="199" mi="9" ci="0" mb="2" cb="0"/><line nr="200" mi="4" ci="0" mb="0" cb="0"/><line nr="201" mi="9" ci="0" mb="2" cb="0"/><line nr="202" mi="9" ci="0" mb="0" cb="0"/><line nr="204" mi="4" ci="0" mb="0" cb="0"/><line nr="207" mi="7" ci="0" mb="0" cb="0"/><line nr="208" mi="5" ci="0" mb="0" cb="0"/><line nr="210" mi="5" ci="0" mb="0" cb="0"/><line nr="211" mi="5" ci="0" mb="0" cb="0"/><line nr="214" mi="4" ci="0" mb="0" cb="0"/><line nr="215" mi="1" ci="0" mb="0" cb="0"/><line nr="216" mi="5" ci="0" mb="0" cb="0"/><line nr="217" mi="1" ci="0" mb="0" cb="0"/><line nr="218" mi="1" ci="0" mb="0" cb="0"/><line nr="222" mi="9" ci="0" mb="0" cb="0"/><line nr="223" mi="5" ci="0" mb="0" cb="0"/><line nr="225" mi="4" ci="0" mb="0" cb="0"/><line nr="226" mi="13" ci="0" mb="2" cb="0"/><line nr="228" mi="4" ci="0" mb="0" cb="0"/><line nr="229" mi="4" ci="0" mb="0" cb="0"/><line nr="230" mi="9" ci="0" mb="2" cb="0"/><line nr="231" mi="4" ci="0" mb="0" cb="0"/><line nr="232" mi="9" ci="0" mb="2" cb="0"/><line nr="233" mi="10" ci="0" mb="0" cb="0"/><line nr="237" mi="4" ci="0" mb="0" cb="0"/><line nr="238" mi="3" ci="0" mb="0" cb="0"/><line nr="240" mi="1" ci="0" mb="0" cb="0"/><line nr="241" mi="5" ci="0" mb="0" cb="0"/><line nr="242" mi="1" ci="0" mb="0" cb="0"/><line nr="243" mi="1" ci="0" mb="0" cb="0"/><counter type="INSTRUCTION" missed="401" covered="314"/><counter type="BRANCH" missed="45" covered="39"/><counter type="LINE" missed="82" covered="59"/><counter type="COMPLEXITY" missed="35" covered="20"/><counter type="METHOD" missed="5" covered="8"/><counter type="CLASS" missed="0" covered="1"/></sourcefile><sourcefile name="Player.java"><line nr="7" mi="0" ci="2" mb="0" cb="0"/><line nr="8" mi="0" ci="3" mb="0" cb="0"/><line nr="9" mi="0" ci="3" mb="0" cb="0"/><line nr="10" mi="0" ci="1" mb="0" cb="0"/><line nr="13" mi="3" ci="0" mb="0" cb="0"/><line nr="17" mi="0" ci="3" mb="0" cb="0"/><counter type="INSTRUCTION" missed="3" covered="12"/><counter type="LINE" missed="1" covered="5"/><counter type="COMPLEXITY" missed="1" covered="2"/><counter type="METHOD" missed="1" covered="2"/><counter type="CLASS" missed="0" covered="1"/></sourcefile><sourcefile name="Main.java"><line nr="5" mi="3" ci="0" mb="0" cb="0"/><line nr="7" mi="5" ci="0" mb="0" cb="0"/><line nr="9" mi="3" ci="0" mb="0" cb="0"/><line nr="10" mi="3" ci="0" mb="0" cb="0"/><line nr="12" mi="7" ci="0" mb="0" cb="0"/><line nr="14" mi="3" ci="0" mb="0" cb="0"/><line nr="15" mi="4" ci="0" mb="0" cb="0"/><line nr="17" mi="4" ci="0" mb="2" cb="0"/><line nr="18" mi="4" ci="0" mb="0" cb="0"/><line nr="20" mi="2" ci="0" mb="0" cb="0"/><line nr="23" mi="2" ci="0" mb="0" cb="0"/><line nr="25" mi="2" ci="0" mb="2" cb="0"/><line nr="26" mi="3" ci="0" mb="0" cb="0"/><line nr="27" mi="4" ci="0" mb="0" cb="0"/><line nr="30" mi="4" ci="0" mb="2" cb="0"/><line nr="31" mi="3" ci="0" mb="0" cb="0"/><line nr="32" mi="3" ci="0" mb="0" cb="0"/><line nr="33" mi="1" ci="0" mb="0" cb="0"/><line nr="36" mi="4" ci="0" mb="2" cb="0"/><line nr="37" mi="3" ci="0" mb="0" cb="0"/><line nr="38" mi="1" ci="0" mb="0" cb="0"/><line nr="41" mi="6" ci="0" mb="0" cb="0"/><line nr="44" mi="7" ci="0" mb="0" cb="0"/><line nr="45" mi="1" ci="0" mb="0" cb="0"/><line nr="46" mi="3" ci="0" mb="0" cb="0"/><line nr="47" mi="1" ci="0" mb="0" cb="0"/><line nr="48" mi="1" ci="0" mb="0" cb="0"/><line nr="49" mi="5" ci="0" mb="0" cb="0"/><line nr="50" mi="1" ci="0" mb="0" cb="0"/><line nr="51" mi="2" ci="0" mb="0" cb="0"/><line nr="52" mi="1" ci="0" mb="0" cb="0"/><counter type="INSTRUCTION" missed="96" covered="0"/><counter type="BRANCH" missed="8" covered="0"/><counter type="LINE" missed="31" covered="0"/><counter type="COMPLEXITY" missed="6" covered="0"/><counter type="METHOD" missed="2" covered="0"/><counter type="CLASS" missed="1" covered="0"/></sourcefile><sourcefile name="Board.java"><line nr="8" mi="0" ci="2" mb="0" cb="0"/><line nr="9" mi="0" ci="12" mb="4" cb="4"/><line nr="10" mi="5" ci="0" mb="0" cb="0"/><line nr="12" mi="0" ci="3" mb="0" cb="0"/><line nr="13" mi="0" ci="3" mb="0" cb="0"/><line nr="14" mi="0" ci="5" mb="0" cb="0"/><line nr="15" mi="0" ci="7" mb="0" cb="2"/><line nr="16" mi="0" ci="7" mb="0" cb="2"/><line nr="17" mi="0" ci="7" mb="0" cb="0"/><line nr="20" mi="0" ci="1" mb="0" cb="0"/><line nr="23" mi="0" ci="3" mb="0" cb="0"/><line nr="24" mi="0" ci="8" mb="0" cb="2"/><line nr="25" mi="0" ci="6" mb="0" cb="0"/><line nr="26" mi="0" ci="3" mb="0" cb="0"/><line nr="28" mi="0" ci="2" mb="0" cb="0"/><line nr="29" mi="0" ci="8" mb="0" cb="2"/><line nr="30" mi="0" ci="13" mb="0" cb="0"/><line nr="31" mi="0" ci="8" mb="0" cb="2"/><line nr="32" mi="0" ci="8" mb="0" cb="0"/><line nr="33" mi="0" ci="3" mb="0" cb="0"/><line nr="35" mi="0" ci="2" mb="0" cb="0"/><line nr="37" mi="0" ci="1" mb="0" cb="0"/><line nr="40" mi="0" ci="12" mb="0" cb="2"/><line nr="44" mi="0" ci="5" mb="1" cb="1"/><line nr="45" mi="5" ci="0" mb="0" cb="0"/><line nr="47" mi="0" ci="7" mb="0" cb="0"/><line nr="48" mi="0" ci="1" mb="0" cb="0"/><line nr="51" mi="0" ci="3" mb="0" cb="0"/><line nr="55" mi="0" ci="3" mb="0" cb="0"/><line nr="59" mi="0" ci="3" mb="0" cb="0"/><counter type="INSTRUCTION" missed="10" covered="146"/><counter type="BRANCH" missed="5" covered="17"/><counter type="LINE" missed="2" covered="28"/><counter type="COMPLEXITY" missed="5" covered="13"/><counter type="METHOD" missed="0" covered="7"/><counter type="CLASS" missed="0" covered="1"/></sourcefile><counter type="INSTRUCTION" missed="510" covered="472"/><counter type="BRANCH" missed="58" covered="56"/><counter type="LINE" missed="116" covered="92"/><counter type="COMPLEXITY" missed="47" covered="35"/><counter type="METHOD" missed="8" covered="17"/><counter type="CLASS" missed="1" covered="3"/></package><counter type="INSTRUCTION" missed="510" covered="472"/><counter type="BRANCH" missed="58" covered="56"/><counter type="LINE" missed="116" covered="92"/><counter type="COMPLEXITY" missed="47" covered="35"/><counter type="METHOD" missed="8" covered="17"/><counter type="CLASS" missed="1" covered="3"/></report>