<?xml version="1.0" encoding="UTF-8"?>
<testsuite xmlns:xsi="http://www.w3.org/2001/XMLSchema-instance" xsi:noNamespaceSchemaLocation="https://maven.apache.org/surefire/maven-surefire-plugin/xsd/surefire-test-report-3.0.xsd" version="3.0" name="amobajatek.GameTest" time="0.156" tests="6" errors="0" skipped="0" failures="0">
  <properties>
[...]
</properties>
  <testcase name="testFindWinningMoveReturnsCorrectPosition" classname="amobajatek.GameTest" time="0.031"/>
  <testcase name="testInvalidMove" classname="amobajatek.GameTest" time="0.0">
    <system-out><![CDATA[Érvénytelen koordináta!
]]></system-out>
  </testcase>
  <testcase name="testValidMove" classname="amobajatek.GameTest" time="0.016">
    <system-out><![CDATA[
   a b c d e f g h i j 
 1 X . . . . . . . . . 
 2 . . . . . . . . . . 
 3 . . . . . . . . . . 
 4 . . . . . . . . . . 
 5 . . . . . . . . . . 
 6 . . . . . . . . . . 
 7 . . . . . . . . . . 
 8 . . . . . . . . . . 
 9 . . . . . . . . . . 
10 . . . . . . . . . . 


   a b c d e f g h i j 
 1 X . . . . . . . . O 
 2 . . . . . . . . . . 
 3 . . . . . . . . . . 
 4 . . . . . . . . . . 
 5 . . . . . . . . . . 
 6 . . . . . . . . . . 
 7 . . . . . . . . . . 
 8 . . . . . . . . . . 
 9 . . . . . . . . . . 
10 . . . . . . . . . . 

]]></system-out>
  </testcase>
  <testcase name="testSaveAndLoadGame" classname="amobajatek.GameTest" time="0.031">
    <system-out><![CDATA[
   a b c d e 
 1 X . . . . 
 2 . . . . . 
 3 . . . . . 
 4 . . . . . 
 5 . . . . . 


   a b c d e 
 1 X . . . . 
 2 . . . . . 
 3 . . . . . 
 4 . . . . . 
 5 . . . O . 

Játékállás JSON formátumban elmentve: tesztmentes.json
Játékállás JSON fájlból: tesztmentes.json

   a b c d e 
 1 X . . . . 
 2 . . . . . 
 3 . . . . . 
 4 . . . . . 
 5 . . . O . 

]]></system-out>
  </testcase>
  <testcase name="testMainExitImmediately" classname="amobajatek.GameTest" time="0.017"/>
  <testcase name="testOccupiedCell" classname="amobajatek.GameTest" time="0.0"/>
</testsuite>